[06-Feb-2025 18:55:48 UTC] Xdebug: [Step Debug] Could not connect to debugging client. Tried: host.docker.internal:9003 (through xdebug.client_host/xdebug.client_port).
[06-Feb-2025 18:55:48 UTC] Xdebug: [Step Debug] Could not connect to debugging client. Tried: host.docker.internal:9003 (through xdebug.client_host/xdebug.client_port).
[06-Feb-2025 18:55:48 UTC] Xdebug: [Step Debug] Could not connect to debugging client. Tried: host.docker.internal:9003 (through xdebug.client_host/xdebug.client_port).
[06-Feb-2025 18:55:48 UTC] Xdebug: [Step Debug] Could not connect to debugging client. Tried: host.docker.internal:9003 (through xdebug.client_host/xdebug.client_port).
[06-Feb-2025 18:55:48 UTC] Xdebug: [Step Debug] Could not connect to debugging client. Tried: host.docker.internal:9003 (through xdebug.client_host/xdebug.client_port).
[06-Feb-2025 18:57:59 UTC] Xdebug: [Step Debug] Could not connect to debugging client. Tried: host.docker.internal:9003 (through xdebug.client_host/xdebug.client_port).
[06-Feb-2025 18:57:59 UTC] Xdebug: [Step Debug] Could not connect to debugging client. Tried: host.docker.internal:9003 (through xdebug.client_host/xdebug.client_port).
[06-Feb-2025 18:57:59 UTC] Xdebug: [Step Debug] Could not connect to debugging client. Tried: host.docker.internal:9003 (through xdebug.client_host/xdebug.client_port).
[06-Feb-2025 18:57:59 UTC] Xdebug: [Step Debug] Could not connect to debugging client. Tried: host.docker.internal:9003 (through xdebug.client_host/xdebug.client_port).
[06-Feb-2025 18:57:59 UTC] Xdebug: [Step Debug] Could not connect to debugging client. Tried: host.docker.internal:9003 (through xdebug.client_host/xdebug.client_port).
[06-Feb-2025 18:58:04 UTC] Xdebug: [Step Debug] Could not connect to debugging client. Tried: host.docker.internal:9003 (through xdebug.client_host/xdebug.client_port).
[06-Feb-2025 18:58:04 UTC] Xdebug: [Step Debug] Could not connect to debugging client. Tried: host.docker.internal:9003 (through xdebug.client_host/xdebug.client_port).
[06-Feb-2025 18:58:04 UTC] Xdebug: [Step Debug] Could not connect to debugging client. Tried: host.docker.internal:9003 (through xdebug.client_host/xdebug.client_port).
[06-Feb-2025 18:58:04 UTC] Xdebug: [Step Debug] Could not connect to debugging client. Tried: host.docker.internal:9003 (through xdebug.client_host/xdebug.client_port).
[06-Feb-2025 18:58:04 UTC] Xdebug: [Step Debug] Could not connect to debugging client. Tried: host.docker.internal:9003 (through xdebug.client_host/xdebug.client_port).
[06-Feb-2025 18:58:10 UTC] Xdebug: [Step Debug] Could not connect to debugging client. Tried: host.docker.internal:9003 (through xdebug.client_host/xdebug.client_port).
[06-Feb-2025 18:58:10 UTC] Xdebug: [Step Debug] Could not connect to debugging client. Tried: host.docker.internal:9003 (through xdebug.client_host/xdebug.client_port).
[06-Feb-2025 18:58:10 UTC] Xdebug: [Step Debug] Could not connect to debugging client. Tried: host.docker.internal:9003 (through xdebug.client_host/xdebug.client_port).
[06-Feb-2025 18:58:10 UTC] Xdebug: [Step Debug] Could not connect to debugging client. Tried: host.docker.internal:9003 (through xdebug.client_host/xdebug.client_port).
[06-Feb-2025 18:58:10 UTC] Xdebug: [Step Debug] Could not connect to debugging client. Tried: host.docker.internal:9003 (through xdebug.client_host/xdebug.client_port).
[06-Feb-2025 18:58:10 UTC] Xdebug: [Step Debug] Could not connect to debugging client. Tried: host.docker.internal:9003 (through xdebug.client_host/xdebug.client_port).
[06-Feb-2025 18:58:12 UTC] Xdebug: [Step Debug] Could not connect to debugging client. Tried: host.docker.internal:9003 (through xdebug.client_host/xdebug.client_port).
[06-Feb-2025 18:58:12 UTC] Xdebug: [Step Debug] Could not connect to debugging client. Tried: host.docker.internal:9003 (through xdebug.client_host/xdebug.client_port).
[06-Feb-2025 18:58:12 UTC] Xdebug: [Step Debug] Could not connect to debugging client. Tried: host.docker.internal:9003 (through xdebug.client_host/xdebug.client_port).
[06-Feb-2025 18:58:12 UTC] Xdebug: [Step Debug] Could not connect to debugging client. Tried: host.docker.internal:9003 (through xdebug.client_host/xdebug.client_port).
[06-Feb-2025 18:58:12 UTC] Xdebug: [Step Debug] Could not connect to debugging client. Tried: host.docker.internal:9003 (through xdebug.client_host/xdebug.client_port).
[06-Feb-2025 18:58:12 UTC] Xdebug: [Step Debug] Could not connect to debugging client. Tried: host.docker.internal:9003 (through xdebug.client_host/xdebug.client_port).
[06-Feb-2025 18:58:15 UTC] Xdebug: [Step Debug] Could not connect to debugging client. Tried: host.docker.internal:9003 (through xdebug.client_host/xdebug.client_port).
[06-Feb-2025 18:58:15 UTC] Xdebug: [Step Debug] Could not connect to debugging client. Tried: host.docker.internal:9003 (through xdebug.client_host/xdebug.client_port).
[06-Feb-2025 18:58:15 UTC] Xdebug: [Step Debug] Could not connect to debugging client. Tried: host.docker.internal:9003 (through xdebug.client_host/xdebug.client_port).
[06-Feb-2025 18:58:15 UTC] Xdebug: [Step Debug] Could not connect to debugging client. Tried: host.docker.internal:9003 (through xdebug.client_host/xdebug.client_port).
[06-Feb-2025 18:58:15 UTC] Xdebug: [Step Debug] Could not connect to debugging client. Tried: host.docker.internal:9003 (through xdebug.client_host/xdebug.client_port).
[06-Feb-2025 18:58:15 UTC] Xdebug: [Step Debug] Could not connect to debugging client. Tried: host.docker.internal:9003 (through xdebug.client_host/xdebug.client_port).
[06-Feb-2025 18:58:19 UTC] Xdebug: [Step Debug] Could not connect to debugging client. Tried: host.docker.internal:9003 (through xdebug.client_host/xdebug.client_port).
[06-Feb-2025 18:58:19 UTC] Xdebug: [Step Debug] Could not connect to debugging client. Tried: host.docker.internal:9003 (through xdebug.client_host/xdebug.client_port).
[06-Feb-2025 18:58:19 UTC] Xdebug: [Step Debug] Could not connect to debugging client. Tried: host.docker.internal:9003 (through xdebug.client_host/xdebug.client_port).
[06-Feb-2025 18:58:19 UTC] Xdebug: [Step Debug] Could not connect to debugging client. Tried: host.docker.internal:9003 (through xdebug.client_host/xdebug.client_port).
[06-Feb-2025 18:58:19 UTC] Xdebug: [Step Debug] Could not connect to debugging client. Tried: host.docker.internal:9003 (through xdebug.client_host/xdebug.client_port).
[06-Feb-2025 18:58:28 UTC] Xdebug: [Step Debug] Could not connect to debugging client. Tried: host.docker.internal:9003 (through xdebug.client_host/xdebug.client_port).
[06-Feb-2025 18:58:28 UTC] Xdebug: [Step Debug] Could not connect to debugging client. Tried: host.docker.internal:9003 (through xdebug.client_host/xdebug.client_port).
[06-Feb-2025 18:58:28 UTC] Xdebug: [Step Debug] Could not connect to debugging client. Tried: host.docker.internal:9003 (through xdebug.client_host/xdebug.client_port).
[06-Feb-2025 18:58:28 UTC] Xdebug: [Step Debug] Could not connect to debugging client. Tried: host.docker.internal:9003 (through xdebug.client_host/xdebug.client_port).
[06-Feb-2025 18:58:28 UTC] Xdebug: [Step Debug] Could not connect to debugging client. Tried: host.docker.internal:9003 (through xdebug.client_host/xdebug.client_port).
[06-Feb-2025 18:58:43 UTC] Xdebug: [Step Debug] Could not connect to debugging client. Tried: host.docker.internal:9003 (through xdebug.client_host/xdebug.client_port).
[06-Feb-2025 18:58:43 UTC] Xdebug: [Step Debug] Could not connect to debugging client. Tried: host.docker.internal:9003 (through xdebug.client_host/xdebug.client_port).
[06-Feb-2025 18:58:43 UTC] Xdebug: [Step Debug] Could not connect to debugging client. Tried: host.docker.internal:9003 (through xdebug.client_host/xdebug.client_port).
[06-Feb-2025 18:58:43 UTC] Xdebug: [Step Debug] Could not connect to debugging client. Tried: host.docker.internal:9003 (through xdebug.client_host/xdebug.client_port).
[06-Feb-2025 18:58:43 UTC] Xdebug: [Step Debug] Could not connect to debugging client. Tried: host.docker.internal:9003 (through xdebug.client_host/xdebug.client_port).
[06-Feb-2025 18:58:51 UTC] Xdebug: [Step Debug] Could not connect to debugging client. Tried: host.docker.internal:9003 (through xdebug.client_host/xdebug.client_port).
[06-Feb-2025 18:58:51 UTC] Xdebug: [Step Debug] Could not connect to debugging client. Tried: host.docker.internal:9003 (through xdebug.client_host/xdebug.client_port).
[06-Feb-2025 18:58:51 UTC] Xdebug: [Step Debug] Could not connect to debugging client. Tried: host.docker.internal:9003 (through xdebug.client_host/xdebug.client_port).
[06-Feb-2025 18:58:51 UTC] Xdebug: [Step Debug] Could not connect to debugging client. Tried: host.docker.internal:9003 (through xdebug.client_host/xdebug.client_port).
[06-Feb-2025 18:58:51 UTC] Xdebug: [Step Debug] Could not connect to debugging client. Tried: host.docker.internal:9003 (through xdebug.client_host/xdebug.client_port).
[06-Feb-2025 19:01:27 UTC] PHP Warning:  require(/var/www/app/Config/../../vendor/codeigniter4/framework/system/Boot.php): Failed to open stream: No such file or directory in /var/www/spark on line 82
[06-Feb-2025 19:01:27 UTC] PHP Fatal error:  Uncaught Error: Failed opening required '/var/www/app/Config/../../vendor/codeigniter4/framework/system/Boot.php' (include_path='.:/usr/local/lib/php') in /var/www/spark:82
Stack trace:
#0 {main}
  thrown in /var/www/spark on line 82
[06-Feb-2025 19:01:57 UTC] PHP Warning:  require(/var/www/app/Config/../../vendor/codeigniter4/framework/system/Boot.php): Failed to open stream: No such file or directory in /var/www/spark on line 82
[06-Feb-2025 19:01:57 UTC] PHP Fatal error:  Uncaught Error: Failed opening required '/var/www/app/Config/../../vendor/codeigniter4/framework/system/Boot.php' (include_path='.:/usr/local/lib/php') in /var/www/spark:82
Stack trace:
#0 {main}
  thrown in /var/www/spark on line 82
[06-Feb-2025 19:15:51 UTC] PHP Warning:  require(/var/www/app/Config/../../vendor/codeigniter4/framework/system/Boot.php): Failed to open stream: No such file or directory in /var/www/spark on line 82
[06-Feb-2025 19:15:51 UTC] PHP Fatal error:  Uncaught Error: Failed opening required '/var/www/app/Config/../../vendor/codeigniter4/framework/system/Boot.php' (include_path='.:/usr/local/lib/php') in /var/www/spark:82
Stack trace:
#0 {main}
  thrown in /var/www/spark on line 82
